<?xml version="1.0" encoding="UTF-8"?>
<!-- Generated by org.testng.reporters.JUnitReportReporter -->
<testsuite hostname="aswini" failures="0" tests="3" name="testRunner.Runner" time="79.474" errors="0" timestamp="2023-08-29T22:51:47 PDT" skipped="0">
  <testcase classname="testRunner.Runner" name="runScenario" time="17.488"/>
  <system-out/>
  <testcase classname="testRunner.Runner" name="runScenario" time="30.566"/>
  <system-out/>
  <testcase classname="testRunner.Runner" name="runScenario" time="31.420"/>
  <system-out/>
</testsuite> <!-- testRunner.Runner -->
